An enum element in User uses the prefix 'not_'. This will cause a conflict with auto generated negative scopes.
  [1m[35m (0.3ms)[0m  [1m[34mSELECT pg_try_advisory_lock(6199128218387398455)[0m
  [1m[35m (6.8ms)[0m  [1m[34mSELECT "schema_migrations"."version" FROM "schema_migrations" ORDER BY "schema_migrations"."version" ASC[0m
  [1m[36mActiveRecord::InternalMetadata Load (1.6ms)[0m  [1m[34mSELECT "ar_internal_metadata".* FROM "ar_internal_metadata" WHERE "ar_internal_metadata"."key" = $1 LIMIT $2[0m  [["key", "environment"], ["LIMIT", 1]]
  [1m[35m (0.4ms)[0m  [1m[34mSELECT pg_advisory_unlock(6199128218387398455)[0m
  [1m[35m (0.9ms)[0m  [1m[34mSELECT "schema_migrations"."version" FROM "schema_migrations" ORDER BY "schema_migrations"."version" ASC[0m
An enum element in User uses the prefix 'not_'. This will cause a conflict with auto generated negative scopes.
  [1m[35m (0.6ms)[0m  [1m[34mSELECT "schema_migrations"."version" FROM "schema_migrations" ORDER BY "schema_migrations"."version" ASC[0m
  [1m[36mVote Load (3.4ms)[0m  [1m[34mSELECT "votes".* FROM "votes"[0m
  [1m[35m (0.2ms)[0m  [1m[35mBEGIN[0m
  [1m[36mVote Destroy (0.6ms)[0m  [1m[31mDELETE FROM "votes" WHERE "votes"."id" = $1[0m  [["id", 46]]
  [1m[35m (3.3ms)[0m  [1m[35mCOMMIT[0m
  [1m[35m (0.2ms)[0m  [1m[35mBEGIN[0m
  [1m[36mVote Destroy (0.4ms)[0m  [1m[31mDELETE FROM "votes" WHERE "votes"."id" = $1[0m  [["id", 61]]
  [1m[35m (1.8ms)[0m  [1m[35mCOMMIT[0m
  [1m[35m (0.2ms)[0m  [1m[35mBEGIN[0m
  [1m[36mVote Destroy (0.4ms)[0m  [1m[31mDELETE FROM "votes" WHERE "votes"."id" = $1[0m  [["id", 62]]
  [1m[35m (1.8ms)[0m  [1m[35mCOMMIT[0m
  [1m[36mReview Load (4.8ms)[0m  [1m[34mSELECT "reviews".* FROM "reviews"[0m
  [1m[35m (0.3ms)[0m  [1m[35mBEGIN[0m
  [1m[36mActiveStorage::Attachment Load (3.8ms)[0m  [1m[34mSELECT "active_storage_attachments".* FROM "active_storage_attachments" WHERE "active_storage_attachments"."record_id" = $1 AND "active_storage_attachments"."record_type" = $2 AND "active_storage_attachments"."name" = $3[0m  [["record_id", 647], ["record_type", "Review"], ["name", "photos"]]
  [1m[36mReview Destroy (0.7ms)[0m  [1m[31mDELETE FROM "reviews" WHERE "reviews"."id" = $1[0m  [["id", 647]]
  [1m[35m (1.7ms)[0m  [1m[35mCOMMIT[0m
  [1m[35m (0.2ms)[0m  [1m[35mBEGIN[0m
  [1m[36mActiveStorage::Attachment Load (0.3ms)[0m  [1m[34mSELECT "active_storage_attachments".* FROM "active_storage_attachments" WHERE "active_storage_attachments"."record_id" = $1 AND "active_storage_attachments"."record_type" = $2 AND "active_storage_attachments"."name" = $3[0m  [["record_id", 648], ["record_type", "Review"], ["name", "photos"]]
  [1m[36mReview Destroy (0.4ms)[0m  [1m[31mDELETE FROM "reviews" WHERE "reviews"."id" = $1[0m  [["id", 648]]
  [1m[35m (1.9ms)[0m  [1m[35mCOMMIT[0m
  [1m[35m (0.2ms)[0m  [1m[35mBEGIN[0m
  [1m[36mActiveStorage::Attachment Load (0.3ms)[0m  [1m[34mSELECT "active_storage_attachments".* FROM "active_storage_attachments" WHERE "active_storage_attachments"."record_id" = $1 AND "active_storage_attachments"."record_type" = $2 AND "active_storage_attachments"."name" = $3[0m  [["record_id", 649], ["record_type", "Review"], ["name", "photos"]]
  [1m[36mReview Destroy (0.4ms)[0m  [1m[31mDELETE FROM "reviews" WHERE "reviews"."id" = $1[0m  [["id", 649]]
  [1m[35m (1.7ms)[0m  [1m[35mCOMMIT[0m
  [1m[35m (0.2ms)[0m  [1m[35mBEGIN[0m
  [1m[36mActiveStorage::Attachment Load (0.3ms)[0m  [1m[34mSELECT "active_storage_attachments".* FROM "active_storage_attachments" WHERE "active_storage_attachments"."record_id" = $1 AND "active_storage_attachments"."record_type" = $2 AND "active_storage_attachments"."name" = $3[0m  [["record_id", 650], ["record_type", "Review"], ["name", "photos"]]
  [1m[36mReview Destroy (0.5ms)[0m  [1m[31mDELETE FROM "reviews" WHERE "reviews"."id" = $1[0m  [["id", 650]]
  [1m[35m (1.8ms)[0m  [1m[35mCOMMIT[0m
  [1m[35m (0.2ms)[0m  [1m[35mBEGIN[0m
  [1m[36mActiveStorage::Attachment Load (0.3ms)[0m  [1m[34mSELECT "active_storage_attachments".* FROM "active_storage_attachments" WHERE "active_storage_attachments"."record_id" = $1 AND "active_storage_attachments"."record_type" = $2 AND "active_storage_attachments"."name" = $3[0m  [["record_id", 651], ["record_type", "Review"], ["name", "photos"]]
  [1m[36mReview Destroy (0.4ms)[0m  [1m[31mDELETE FROM "reviews" WHERE "reviews"."id" = $1[0m  [["id", 651]]
  [1m[35m (1.6ms)[0m  [1m[35mCOMMIT[0m
  [1m[35m (0.2ms)[0m  [1m[35mBEGIN[0m
  [1m[36mActiveStorage::Attachment Load (0.3ms)[0m  [1m[34mSELECT "active_storage_attachments".* FROM "active_storage_attachments" WHERE "active_storage_attachments"."record_id" = $1 AND "active_storage_attachments"."record_type" = $2 AND "active_storage_attachments"."name" = $3[0m  [["record_id", 652], ["record_type", "Review"], ["name", "photos"]]
  [1m[36mReview Destroy (0.4ms)[0m  [1m[31mDELETE FROM "reviews" WHERE "reviews"."id" = $1[0m  [["id", 652]]
  [1m[35m (1.7ms)[0m  [1m[35mCOMMIT[0m
  [1m[35m (0.2ms)[0m  [1m[35mBEGIN[0m
  [1m[36mActiveStorage::Attachment Load (0.3ms)[0m  [1m[34mSELECT "active_storage_attachments".* FROM "active_storage_attachments" WHERE "active_storage_attachments"."record_id" = $1 AND "active_storage_attachments"."record_type" = $2 AND "active_storage_attachments"."name" = $3[0m  [["record_id", 653], ["record_type", "Review"], ["name", "photos"]]
  [1m[36mReview Destroy (0.4ms)[0m  [1m[31mDELETE FROM "reviews" WHERE "reviews"."id" = $1[0m  [["id", 653]]
  [1m[35m (1.7ms)[0m  [1m[35mCOMMIT[0m
  [1m[35m (0.2ms)[0m  [1m[35mBEGIN[0m
  [1m[36mActiveStorage::Attachment Load (0.2ms)[0m  [1m[34mSELECT "active_storage_attachments".* FROM "active_storage_attachments" WHERE "active_storage_attachments"."record_id" = $1 AND "active_storage_attachments"."record_type" = $2 AND "active_storage_attachments"."name" = $3[0m  [["record_id", 654], ["record_type", "Review"], ["name", "photos"]]
  [1m[36mReview Destroy (0.3ms)[0m  [1m[31mDELETE FROM "reviews" WHERE "reviews"."id" = $1[0m  [["id", 654]]
  [1m[35m (1.6ms)[0m  [1m[35mCOMMIT[0m
  [1m[35m (0.2ms)[0m  [1m[35mBEGIN[0m
  [1m[36mActiveStorage::Attachment Load (0.3ms)[0m  [1m[34mSELECT "active_storage_attachments".* FROM "active_storage_attachments" WHERE "active_storage_attachments"."record_id" = $1 AND "active_storage_attachments"."record_type" = $2 AND "active_storage_attachments"."name" = $3[0m  [["record_id", 655], ["record_type", "Review"], ["name", "photos"]]
  [1m[36mReview Destroy (0.4ms)[0m  [1m[31mDELETE FROM "reviews" WHERE "reviews"."id" = $1[0m  [["id", 655]]
  [1m[35m (1.8ms)[0m  [1m[35mCOMMIT[0m
  [1m[35m (0.2ms)[0m  [1m[35mBEGIN[0m
  [1m[36mActiveStorage::Attachment Load (0.2ms)[0m  [1m[34mSELECT "active_storage_attachments".* FROM "active_storage_attachments" WHERE "active_storage_attachments"."record_id" = $1 AND "active_storage_attachments"."record_type" = $2 AND "active_storage_attachments"."name" = $3[0m  [["record_id", 657], ["record_type", "Review"], ["name", "photos"]]
  [1m[36mReview Destroy (0.4ms)[0m  [1m[31mDELETE FROM "reviews" WHERE "reviews"."id" = $1[0m  [["id", 657]]
  [1m[35m (1.7ms)[0m  [1m[35mCOMMIT[0m
  [1m[35m (0.2ms)[0m  [1m[35mBEGIN[0m
  [1m[36mActiveStorage::Attachment Load (0.2ms)[0m  [1m[34mSELECT "active_storage_attachments".* FROM "active_storage_attachments" WHERE "active_storage_attachments"."record_id" = $1 AND "active_storage_attachments"."record_type" = $2 AND "active_storage_attachments"."name" = $3[0m  [["record_id", 658], ["record_type", "Review"], ["name", "photos"]]
  [1m[36mReview Destroy (0.3ms)[0m  [1m[31mDELETE FROM "reviews" WHERE "reviews"."id" = $1[0m  [["id", 658]]
  [1m[35m (1.8ms)[0m  [1m[35mCOMMIT[0m
  [1m[35m (0.2ms)[0m  [1m[35mBEGIN[0m
  [1m[36mActiveStorage::Attachment Load (0.2ms)[0m  [1m[34mSELECT "active_storage_attachments".* FROM "active_storage_attachments" WHERE "active_storage_attachments"."record_id" = $1 AND "active_storage_attachments"."record_type" = $2 AND "active_storage_attachments"."name" = $3[0m  [["record_id", 659], ["record_type", "Review"], ["name", "photos"]]
  [1m[36mReview Destroy (0.4ms)[0m  [1m[31mDELETE FROM "reviews" WHERE "reviews"."id" = $1[0m  [["id", 659]]
  [1m[35m (1.7ms)[0m  [1m[35mCOMMIT[0m
  [1m[35m (0.2ms)[0m  [1m[35mBEGIN[0m
  [1m[36mActiveStorage::Attachment Load (0.2ms)[0m  [1m[34mSELECT "active_storage_attachments".* FROM "active_storage_attachments" WHERE "active_storage_attachments"."record_id" = $1 AND "active_storage_attachments"."record_type" = $2 AND "active_storage_attachments"."name" = $3[0m  [["record_id", 660], ["record_type", "Review"], ["name", "photos"]]
  [1m[36mReview Destroy (0.3ms)[0m  [1m[31mDELETE FROM "reviews" WHERE "reviews"."id" = $1[0m  [["id", 660]]
  [1m[35m (1.6ms)[0m  [1m[35mCOMMIT[0m
  [1m[35m (0.2ms)[0m  [1m[35mBEGIN[0m
  [1m[36mActiveStorage::Attachment Load (0.2ms)[0m  [1m[34mSELECT "active_storage_attachments".* FROM "active_storage_attachments" WHERE "active_storage_attachments"."record_id" = $1 AND "active_storage_attachments"."record_type" = $2 AND "active_storage_attachments"."name" = $3[0m  [["record_id", 661], ["record_type", "Review"], ["name", "photos"]]
  [1m[36mReview Destroy (0.4ms)[0m  [1m[31mDELETE FROM "reviews" WHERE "reviews"."id" = $1[0m  [["id", 661]]
  [1m[35m (1.6ms)[0m  [1m[35mCOMMIT[0m
  [1m[35m (0.2ms)[0m  [1m[35mBEGIN[0m
  [1m[36mActiveStorage::Attachment Load (0.2ms)[0m  [1m[34mSELECT "active_storage_attachments".* FROM "active_storage_attachments" WHERE "active_storage_attachments"."record_id" = $1 AND "active_storage_attachments"."record_type" = $2 AND "active_storage_attachments"."name" = $3[0m  [["record_id", 662], ["record_type", "Review"], ["name", "photos"]]
  [1m[36mReview Destroy (0.3ms)[0m  [1m[31mDELETE FROM "reviews" WHERE "reviews"."id" = $1[0m  [["id", 662]]
  [1m[35m (1.6ms)[0m  [1m[35mCOMMIT[0m
  [1m[35m (0.2ms)[0m  [1m[35mBEGIN[0m
  [1m[36mActiveStorage::Attachment Load (0.2ms)[0m  [1m[34mSELECT "active_storage_attachments".* FROM "active_storage_attachments" WHERE "active_storage_attachments"."record_id" = $1 AND "active_storage_attachments"."record_type" = $2 AND "active_storage_attachments"."name" = $3[0m  [["record_id", 663], ["record_type", "Review"], ["name", "photos"]]
  [1m[36mReview Destroy (0.5ms)[0m  [1m[31mDELETE FROM "reviews" WHERE "reviews"."id" = $1[0m  [["id", 663]]
  [1m[35m (1.7ms)[0m  [1m[35mCOMMIT[0m
  [1m[35m (0.2ms)[0m  [1m[35mBEGIN[0m
  [1m[36mActiveStorage::Attachment Load (0.2ms)[0m  [1m[34mSELECT "active_storage_attachments".* FROM "active_storage_attachments" WHERE "active_storage_attachments"."record_id" = $1 AND "active_storage_attachments"."record_type" = $2 AND "active_storage_attachments"."name" = $3[0m  [["record_id", 664], ["record_type", "Review"], ["name", "photos"]]
  [1m[36mReview Destroy (0.4ms)[0m  [1m[31mDELETE FROM "reviews" WHERE "reviews"."id" = $1[0m  [["id", 664]]
  [1m[35m (1.8ms)[0m  [1m[35mCOMMIT[0m
  [1m[35m (0.2ms)[0m  [1m[35mBEGIN[0m
  [1m[36mActiveStorage::Attachment Load (0.2ms)[0m  [1m[34mSELECT "active_storage_attachments".* FROM "active_storage_attachments" WHERE "active_storage_attachments"."record_id" = $1 AND "active_storage_attachments"."record_type" = $2 AND "active_storage_attachments"."name" = $3[0m  [["record_id", 665], ["record_type", "Review"], ["name", "photos"]]
  [1m[36mReview Destroy (0.4ms)[0m  [1m[31mDELETE FROM "reviews" WHERE "reviews"."id" = $1[0m  [["id", 665]]
  [1m[35m (1.7ms)[0m  [1m[35mCOMMIT[0m
  [1m[35m (0.2ms)[0m  [1m[35mBEGIN[0m
  [1m[36mActiveStorage::Attachment Load (0.2ms)[0m  [1m[34mSELECT "active_storage_attachments".* FROM "active_storage_attachments" WHERE "active_storage_attachments"."record_id" = $1 AND "active_storage_attachments"."record_type" = $2 AND "active_storage_attachments"."name" = $3[0m  [["record_id", 667], ["record_type", "Review"], ["name", "photos"]]
  [1m[36mReview Destroy (0.4ms)[0m  [1m[31mDELETE FROM "reviews" WHERE "reviews"."id" = $1[0m  [["id", 667]]
  [1m[35m (1.6ms)[0m  [1m[35mCOMMIT[0m
  [1m[35m (0.2ms)[0m  [1m[35mBEGIN[0m
  [1m[36mActiveStorage::Attachment Load (0.3ms)[0m  [1m[34mSELECT "active_storage_attachments".* FROM "active_storage_attachments" WHERE "active_storage_attachments"."record_id" = $1 AND "active_storage_attachments"."record_type" = $2 AND "active_storage_attachments"."name" = $3[0m  [["record_id", 668], ["record_type", "Review"], ["name", "photos"]]
  [1m[36mReview Destroy (0.3ms)[0m  [1m[31mDELETE FROM "reviews" WHERE "reviews"."id" = $1[0m  [["id", 668]]
  [1m[35m (1.8ms)[0m  [1m[35mCOMMIT[0m
  [1m[35m (0.2ms)[0m  [1m[35mBEGIN[0m
  [1m[36mActiveStorage::Attachment Load (0.2ms)[0m  [1m[34mSELECT "active_storage_attachments".* FROM "active_storage_attachments" WHERE "active_storage_attachments"."record_id" = $1 AND "active_storage_attachments"."record_type" = $2 AND "active_storage_attachments"."name" = $3[0m  [["record_id", 669], ["record_type", "Review"], ["name", "photos"]]
  [1m[36mReview Destroy (0.4ms)[0m  [1m[31mDELETE FROM "reviews" WHERE "reviews"."id" = $1[0m  [["id", 669]]
  [1m[35m (1.8ms)[0m  [1m[35mCOMMIT[0m
  [1m[35m (0.2ms)[0m  [1m[35mBEGIN[0m
  [1m[36mActiveStorage::Attachment Load (0.3ms)[0m  [1m[34mSELECT "active_storage_attachments".* FROM "active_storage_attachments" WHERE "active_storage_attachments"."record_id" = $1 AND "active_storage_attachments"."record_type" = $2 AND "active_storage_attachments"."name" = $3[0m  [["record_id", 680], ["record_type", "Review"], ["name", "photos"]]
  [1m[36mReview Destroy (0.4ms)[0m  [1m[31mDELETE FROM "reviews" WHERE "reviews"."id" = $1[0m  [["id", 680]]
  [1m[35m (1.8ms)[0m  [1m[35mCOMMIT[0m
  [1m[35m (0.2ms)[0m  [1m[35mBEGIN[0m
  [1m[36mActiveStorage::Attachment Load (0.2ms)[0m  [1m[34mSELECT "active_storage_attachments".* FROM "active_storage_attachments" WHERE "active_storage_attachments"."record_id" = $1 AND "active_storage_attachments"."record_type" = $2 AND "active_storage_attachments"."name" = $3[0m  [["record_id", 681], ["record_type", "Review"], ["name", "photos"]]
  [1m[36mReview Destroy (0.4ms)[0m  [1m[31mDELETE FROM "reviews" WHERE "reviews"."id" = $1[0m  [["id", 681]]
  [1m[35m (1.7ms)[0m  [1m[35mCOMMIT[0m
  [1m[36mBookmark Load (2.4ms)[0m  [1m[34mSELECT "bookmarks".* FROM "bookmarks"[0m
  [1m[35m (0.2ms)[0m  [1m[35mBEGIN[0m
  [1m[36mBookmark Destroy (0.4ms)[0m  [1m[31mDELETE FROM "bookmarks" WHERE "bookmarks"."id" = $1[0m  [["id", 32]]
  [1m[35m (2.0ms)[0m  [1m[35mCOMMIT[0m
  [1m[36mLocation Load (1.4ms)[0m  [1m[34mSELECT "locations".* FROM "locations"[0m
  [1m[36mActiveStorage::Attachment Load (0.4ms)[0m  [1m[34mSELECT "active_storage_attachments".* FROM "active_storage_attachments" WHERE "active_storage_attachments"."record_id" = $1 AND "active_storage_attachments"."record_type" = $2 AND "active_storage_attachments"."name" = $3 LIMIT $4[0m  [["record_id", 372], ["record_type", "Location"], ["name", "photo"], ["LIMIT", 1]]
  [1m[36mActiveStorage::Attachment Destroy (4.6ms)[0m  [1m[31mDELETE FROM "active_storage_attachments" WHERE "active_storage_attachments"."id" = $1[0m  [["id", 852]]
  [1m[36mActiveStorage::Blob Load (2.6ms)[0m  [1m[34mSELECT "active_storage_blobs".* FROM "active_storage_blobs" WHERE "active_storage_blobs"."id" = $1 LIMIT $2[0m  [["id", 852], ["LIMIT", 1]]
  [1m[35m (0.3ms)[0m  [1m[35mBEGIN[0m
  [1m[36mActiveStorage::Attachment Exists? (0.4ms)[0m  [1m[34mSELECT 1 AS one FROM "active_storage_attachments" WHERE "active_storage_attachments"."blob_id" = $1 LIMIT $2[0m  [["blob_id", 852], ["LIMIT", 1]]
  [1m[36mActiveStorage::Attachment Load (0.3ms)[0m  [1m[34mSELECT "active_storage_attachments".* FROM "active_storage_attachments" WHERE "active_storage_attachments"."record_id" = $1 AND "active_storage_attachments"."record_type" = $2 AND "active_storage_attachments"."name" = $3 LIMIT $4[0m  [["record_id", 852], ["record_type", "ActiveStorage::Blob"], ["name", "preview_image"], ["LIMIT", 1]]
  [1m[36mActiveStorage::Blob Destroy (0.5ms)[0m  [1m[31mDELETE FROM "active_storage_blobs" WHERE "active_storage_blobs"."id" = $1[0m  [["id", 852]]
  [1m[35m (1.8ms)[0m  [1m[35mCOMMIT[0m
[36m  Cloudinary Storage (14.4ms) [0m[31mDeleted file from key: 9lgt4zw3z1euw551uyn4h6jnnb6z[0m
